#
# A fatal error has been detected by the Java Runtime Environment:
#
#  EXCEPTION_ACCESS_VIOLATION (0xc0000005) at pc=0x0000000058fd0fd7, pid=20472, tid=0x0000000000005388
#
# JRE version: OpenJDK Runtime Environment (8.0_152-b01) (build 1.8.0_152-release-1343-b01)
# Java VM: OpenJDK 64-Bit Server VM (25.152-b01 mixed mode windows-amd64 compressed oops)
# Problematic frame:
# V  [jvm.dll+0x270fd7]
#
# Failed to write core dump. Minidumps are not enabled by default on client versions of Windows
#
# If you would like to submit a bug report, please visit:
#   http://bugreport.java.com/bugreport/crash.jsp
#

---------------  T H R E A D  ---------------

Current thread (0x00000000184af800):  JavaThread "C2 CompilerThread1" daemon [_thread_in_native, id=21384, stack(0x0000000018d70000,0x0000000018e70000)]

siginfo: ExceptionCode=0xc0000005, reading address 0x0000000000000000

Registers:
RAX=0x000000000868cdf3, RBX=0x0000000018e6c280, RCX=0x0000000018e6c280, RDX=0x0000000000000005
RSP=0x0000000018e6c230, RBP=0x0000000018e6c3b0, RSI=0x0000000000000000, RDI=0x0000000000000005
R8 =0x0000000000000000, R9 =0x0000000000000000, R10=0x0000000018e6f1a8, R11=0x0000000000000000
R12=0x0000000000000000, R13=0x0000000000000193, R14=0x0000000018e6e940, R15=0x000000001b47be78
RIP=0x0000000058fd0fd7, EFLAGS=0x0000000000010206

Top of Stack: (sp=0x0000000018e6c230)
0x0000000018e6c230:   000000001fce5680 0000000018e6e940
0x0000000018e6c240:   0000408b9b4f54bf 00000000592768bd
0x0000000018e6c250:   000000001b47be78 000000005927b901
0x0000000018e6c260:   0000000000000000 0000000018e6f150
0x0000000018e6c270:   000000001b47be78 0000000018e6f150
0x0000000018e6c280:   000000005931da98 0000000018e6f1a8
0x0000000018e6c290:   00000000026fd890 000000000000018c
0x0000000018e6c2a0:   0000000018e6e940 0000000059227e07
0x0000000018e6c2b0:   0000000018e6f1a8 0000000018e6f150
0x0000000018e6c2c0:   0000000018e6f150 0000000018e6e940
0x0000000018e6c2d0:   0000000000000010 0000000000000004
0x0000000018e6c2e0:   0000000028f94080 00000000000000d4
0x0000000018e6c2f0:   000000001b474300 0000000059183527
0x0000000018e6c300:   0000000200000193 0000000100000009
0x0000000018e6c310:   00000000000000d4 ffffffff0000000a
0x0000000018e6c320:   0000000000000002 000000000000000b 

Instructions: (pc=0x0000000058fd0fd7)
0x0000000058fd0fb7:   74 24 10 57 48 83 ec 20 4c 8b 51 08 41 0f b6 f1
0x0000000058fd0fc7:   4d 8b d8 49 8b 42 10 8b fa 48 8b d9 49 89 42 08
0x0000000058fd0fd7:   41 83 38 00 0f 8c 92 00 00 00 48 8b 49 08 49 8b
0x0000000058fd0fe7:   d3 4c 8b 41 10 e8 4f 0a d9 ff 48 8b 4b 08 4c 8b 


Register to memory mapping:

RAX=0x000000000868cdf3 is at code_begin+403 in 
[CodeBlob (0x000000000868cc10)]
Framesize: 0
BufferBlob (0x000000000868cc10) used for Compile::Fill_buffer
RBX=0x0000000018e6c280 is pointing into the stack for thread: 0x00000000184af800
RCX=0x0000000018e6c280 is pointing into the stack for thread: 0x00000000184af800
RDX=0x0000000000000005 is an unknown value
RSP=0x0000000018e6c230 is pointing into the stack for thread: 0x00000000184af800
RBP=0x0000000018e6c3b0 is pointing into the stack for thread: 0x00000000184af800
RSI=0x0000000000000000 is an unknown value
RDI=0x0000000000000005 is an unknown value
R8 =0x0000000000000000 is an unknown value
R9 =0x0000000000000000 is an unknown value
R10=0x0000000018e6f1a8 is pointing into the stack for thread: 0x00000000184af800
R11=0x0000000000000000 is an unknown value
R12=0x0000000000000000 is an unknown value
R13=0x0000000000000193 is an unknown value
R14=0x0000000018e6e940 is pointing into the stack for thread: 0x00000000184af800
R15=0x000000001b47be78 is an unknown value


Stack: [0x0000000018d70000,0x0000000018e70000],  sp=0x0000000018e6c230,  free space=1008k
Native frames: (J=compiled Java code, j=interpreted, Vv=VM code, C=native code)
V  [jvm.dll+0x270fd7]
V  [jvm.dll+0x51b901]
V  [jvm.dll+0x4c7e07]
V  [jvm.dll+0x4c910a]
V  [jvm.dll+0x43fad2]
V  [jvm.dll+0x44226e]
V  [jvm.dll+0x4252c2]
V  [jvm.dll+0x813d8]
V  [jvm.dll+0x81d0f]
V  [jvm.dll+0x21d41f]
V  [jvm.dll+0x26d9aa]
C  [msvcr100.dll+0x21d9f]
C  [msvcr100.dll+0x21e3b]
C  [KERNEL32.DLL+0x12d34]
C  [ntdll.dll+0x50c51]


Current CompileTask:
C2:17006158 34742       4       java.lang.System::setProperty (38 bytes)


---------------  P R O C E S S  ---------------

Java Threads: ( => current thread )
  0x00000000287b9800 JavaThread "Cache worker for cache directory md-rule (C:\Users\60073422\.gradle\caches\5.1.1\md-rule)" [_thread_blocked, id=22840, stack(0x000000005d4b0000,0x000000005d5b0000)]
  0x000000002047e800 JavaThread "Cache worker for cache directory md-supplier (C:\Users\60073422\.gradle\caches\5.1.1\md-supplier)" [_thread_blocked, id=22920, stack(0x000000005d3b0000,0x000000005d4b0000)]
  0x000000002047a800 JavaThread "Cache worker for file hash cache (C:\Users\60073422\AndroidStudioProjects\GoodLookerru\.gradle\5.1.1\fileHashes)" [_thread_blocked, id=24988, stack(0x000000005d2b0000,0x000000005d3b0000)]
  0x000000002047d800 JavaThread "Thread-2426" [_thread_blocked, id=23844, stack(0x000000005d1b0000,0x000000005d2b0000)]
  0x0000000020473000 JavaThread "Stdin handler" [_thread_blocked, id=23388, stack(0x000000005d0b0000,0x000000005d1b0000)]
  0x000000002047a000 JavaThread "Asynchronous log dispatcher for DefaultDaemonConnection: socket connection from /127.0.0.1:54709 to /127.0.0.1:50963" [_thread_blocked, id=14392, stack(0x000000005cfb0000,0x000000005d0b0000)]
  0x0000000020472800 JavaThread "Cancel handler" [_thread_blocked, id=17552, stack(0x000000005ceb0000,0x000000005cfb0000)]
  0x0000000020478800 JavaThread "Handler for socket connection from /127.0.0.1:54709 to /127.0.0.1:50963" [_thread_in_native, id=23812, stack(0x000000005cdb0000,0x000000005ceb0000)]
  0x00000000209b0800 JavaThread "Daemon worker Thread 41" [_thread_in_Java, id=20072, stack(0x00000000561b0000,0x00000000562b0000)]
  0x00000000209af000 JavaThread "Daemon Thread 41" [_thread_blocked, id=21088, stack(0x0000000055eb0000,0x0000000055fb0000)]
  0x0000000020481800 JavaThread "Cache worker for Java compile cache (C:\Users\60073422\.gradle\caches\5.1.1\javaCompile)" [_thread_blocked, id=17464, stack(0x0000000026f70000,0x0000000027070000)]
  0x000000002047c000 JavaThread "RMI Reaper" [_thread_blocked, id=21460, stack(0x0000000026d70000,0x0000000026e70000)]
  0x0000000020480800 JavaThread "RMI TCP Accept-0" daemon [_thread_in_native, id=10040, stack(0x0000000026c70000,0x0000000026d70000)]
  0x000000002047b800 JavaThread "GC Daemon" daemon [_thread_blocked, id=6012, stack(0x0000000026b70000,0x0000000026c70000)]
  0x0000000020480000 JavaThread "RMI Scheduler(0)" daemon [_thread_blocked, id=15408, stack(0x0000000026680000,0x0000000026780000)]
  0x000000001b5cd000 JavaThread "Cache worker for file content cache (C:\Users\60073422\.gradle\caches\5.1.1\fileContent)" [_thread_blocked, id=12036, stack(0x0000000024b80000,0x0000000024c80000)]
  0x000000001b5d3000 JavaThread "Memory manager" [_thread_blocked, id=22220, stack(0x0000000024a80000,0x0000000024b80000)]
  0x000000001b5c6800 JavaThread "Cache worker for execution history cache (C:\Users\60073422\.gradle\caches\5.1.1\executionHistory)" [_thread_blocked, id=12736, stack(0x0000000020fe0000,0x00000000210e0000)]
  0x000000001aca9800 JavaThread "Cache worker for journal cache (C:\Users\60073422\.gradle\caches\journal-1)" [_thread_blocked, id=19940, stack(0x000000001d0a0000,0x000000001d1a0000)]
  0x000000001aca7800 JavaThread "File lock request listener" [_thread_in_native, id=21592, stack(0x000000001cfa0000,0x000000001d0a0000)]
  0x000000001a729000 JavaThread "Cache worker for file hash cache (C:\Users\60073422\.gradle\caches\5.1.1\fileHashes)" [_thread_blocked, id=14636, stack(0x000000001cea0000,0x000000001cfa0000)]
  0x000000001ab07000 JavaThread "Daemon periodic checks" [_thread_blocked, id=16824, stack(0x000000001c3a0000,0x000000001c4a0000)]
  0x000000001ab05800 JavaThread "Incoming local TCP Connector on port 54709" [_thread_in_native, id=876, stack(0x000000001bf50000,0x000000001c050000)]
  0x0000000018544000 JavaThread "Service Thread" daemon [_thread_blocked, id=9388, stack(0x0000000019070000,0x0000000019170000)]
  0x00000000184b6800 JavaThread "C1 CompilerThread3" daemon [_thread_blocked, id=21188, stack(0x0000000018f70000,0x0000000019070000)]
  0x00000000184b1800 JavaThread "C2 CompilerThread2" daemon [_thread_blocked, id=6640, stack(0x0000000018e70000,0x0000000018f70000)]
=>0x00000000184af800 JavaThread "C2 CompilerThread1" daemon [_thread_in_native, id=21384, stack(0x0000000018d70000,0x0000000018e70000)]
  0x00000000184ad800 JavaThread "C2 CompilerThread0" daemon [_thread_blocked, id=21052, stack(0x0000000018c70000,0x0000000018d70000)]
  0x00000000184ab800 JavaThread "Attach Listener" daemon [_thread_blocked, id=21324, stack(0x0000000018b70000,0x0000000018c70000)]
  0x00000000165b9800 JavaThread "Signal Dispatcher" daemon [_thread_blocked, id=21024, stack(0x0000000018a70000,0x0000000018b70000)]
  0x00000000027ee000 JavaThread "Finalizer" daemon [_thread_blocked, id=3704, stack(0x0000000018880000,0x0000000018980000)]
  0x00000000165ac000 JavaThread "Reference Handler" daemon [_thread_blocked, id=10444, stack(0x0000000018380000,0x0000000018480000)]
  0x00000000026ee000 JavaThread "main" [_thread_blocked, id=19984, stack(0x00000000025a0000,0x00000000026a0000)]

Other Threads:
  0x00000000165a6000 VMThread [stack: 0x0000000018280000,0x0000000018380000] [id=9908]
  0x00000000184d8000 WatcherThread [stack: 0x0000000019170000,0x0000000019270000] [id=16984]

VM state:not at safepoint (normal execution)

VM Mutex/Monitor currently owned by a thread: None

Heap:
 PSYoungGen      total 348160K, used 188931K [0x00000000e0000000, 0x00000000f7280000, 0x0000000100000000)
  eden space 318976K, 54% used [0x00000000e0000000,0x00000000ea9e4d90,0x00000000f3780000)
  from space 29184K, 51% used [0x00000000f5600000,0x00000000f649c020,0x00000000f7280000)
  to   space 30208K, 0% used [0x00000000f3780000,0x00000000f3780000,0x00000000f5500000)
 ParOldGen       total 235520K, used 60268K [0x00000000a0000000, 0x00000000ae600000, 0x00000000e0000000)
  object space 235520K, 25% used [0x00000000a0000000,0x00000000a3adb368,0x00000000ae600000)
 Metaspace       used 109743K, capacity 116271K, committed 117656K, reserved 1153024K
  class space    used 13452K, capacity 14553K, committed 15016K, reserved 1048576K

Card table byte_map: [0x0000000011bb0000,0x0000000011ec0000] byte_map_base: 0x00000000116b0000

Marking Bits: (ParMarkBitMap*) 0x0000000059525aa0
 Begin Bits: [0x00000000128c0000, 0x00000000140c0000)
 End Bits:   [0x00000000140c0000, 0x00000000158c0000)

Polling page: 0x0000000000d70000

CodeCache: size=245760Kb used=96237Kb max_used=96248Kb free=149522Kb
 bounds [0x00000000027f0000, 0x00000000086b0000, 0x00000000117f0000]
 total_blobs=26923 nmethods=25992 adapters=838
 compilation: enabled

Compilation events (10 events):
Event: 16972.832 Thread 0x00000000184b6800 nmethod 34737 0x00000000058457d0 code [0x0000000005845940, 0x0000000005845bb0]
Event: 16972.845 Thread 0x00000000184b6800 34738 % !   3       com.android.builder.files.IncrementalRelativeFileSets::fromZip @ 300 (613 bytes)
Event: 16972.852 Thread 0x00000000184b6800 nmethod 34738% 0x00000000086932d0 code [0x0000000008693ec0, 0x000000000869be48]
Event: 16973.019 Thread 0x00000000184af800 34739   !   4       com.sun.proxy.$Proxy93::index (32 bytes)
Event: 16973.021 Thread 0x00000000184af800 nmethod 34739 0x000000000863fe50 code [0x000000000863ffa0, 0x00000000086400e8]
Event: 16973.063 Thread 0x00000000184b6800 34740       3       java.math.BigInteger::add (215 bytes)
Event: 16973.064 Thread 0x00000000184b6800 nmethod 34740 0x0000000007b3c510 code [0x0000000007b3c6e0, 0x0000000007b3cf28]
Event: 16973.116 Thread 0x00000000184b6800 34741       3       org.gradle.plugins.ide.internal.tooling.model.DefaultGradleProject::getPath (8 bytes)
Event: 16973.117 Thread 0x00000000184b6800 nmethod 34741 0x00000000086301d0 code [0x0000000008630320, 0x00000000086304b0]
Event: 16998.245 Thread 0x00000000184af800 34742       4       java.lang.System::setProperty (38 bytes)

GC Heap History (10 events):
Event: 16721.381 GC heap before
{Heap before GC invocations=123 (full 7):
 PSYoungGen      total 348160K, used 335513K [0x00000000e0000000, 0x00000000f7400000, 0x0000000100000000)
  eden space 317952K, 99% used [0x00000000e0000000,0x00000000f3492428,0x00000000f3680000)
  from space 30208K, 64% used [0x00000000f3680000,0x00000000f4994090,0x00000000f5400000)
  to   space 30720K, 0% used [0x00000000f5600000,0x00000000f5600000,0x00000000f7400000)
 ParOldGen       total 235520K, used 60236K [0x00000000a0000000, 0x00000000ae600000, 0x00000000e0000000)
  object space 235520K, 25% used [0x00000000a0000000,0x00000000a3ad3368,0x00000000ae600000)
 Metaspace       used 109638K, capacity 116201K, committed 117656K, reserved 1153024K
  class space    used 13451K, capacity 14552K, committed 15016K, reserved 1048576K
Event: 16721.399 GC heap after
Heap after GC invocations=123 (full 7):
 PSYoungGen      total 347648K, used 25690K [0x00000000e0000000, 0x00000000f7880000, 0x0000000100000000)
  eden space 316928K, 0% used [0x00000000e0000000,0x00000000e0000000,0x00000000f3580000)
  from space 30720K, 83% used [0x00000000f5600000,0x00000000f6f16860,0x00000000f7400000)
  to   space 33280K, 0% used [0x00000000f3580000,0x00000000f3580000,0x00000000f5600000)
 ParOldGen       total 235520K, used 60244K [0x00000000a0000000, 0x00000000ae600000, 0x00000000e0000000)
  object space 235520K, 25% used [0x00000000a0000000,0x00000000a3ad5368,0x00000000ae600000)
 Metaspace       used 109638K, capacity 116201K, committed 117656K, reserved 1153024K
  class space    used 13451K, capacity 14552K, committed 15016K, reserved 1048576K
}
Event: 16834.515 GC heap before
{Heap before GC invocations=124 (full 7):
 PSYoungGen      total 347648K, used 342618K [0x00000000e0000000, 0x00000000f7880000, 0x0000000100000000)
  eden space 316928K, 100% used [0x00000000e0000000,0x00000000f3580000,0x00000000f3580000)
  from space 30720K, 83% used [0x00000000f5600000,0x00000000f6f16860,0x00000000f7400000)
  to   space 33280K, 0% used [0x00000000f3580000,0x00000000f3580000,0x00000000f5600000)
 ParOldGen       total 235520K, used 60244K [0x00000000a0000000, 0x00000000ae600000, 0x00000000e0000000)
  object space 235520K, 25% used [0x00000000a0000000,0x00000000a3ad5368,0x00000000ae600000)
 Metaspace       used 109663K, capacity 116207K, committed 117656K, reserved 1153024K
  class space    used 13452K, capacity 14553K, committed 15016K, reserved 1048576K
Event: 16834.521 GC heap after
Heap after GC invocations=124 (full 7):
 PSYoungGen      total 350208K, used 4864K [0x00000000e0000000, 0x00000000f7780000, 0x0000000100000000)
  eden space 316928K, 0% used [0x00000000e0000000,0x00000000e0000000,0x00000000f3580000)
  from space 33280K, 14% used [0x00000000f3580000,0x00000000f3a40010,0x00000000f5600000)
  to   space 33280K, 0% used [0x00000000f5700000,0x00000000f5700000,0x00000000f7780000)
 ParOldGen       total 235520K, used 60252K [0x00000000a0000000, 0x00000000ae600000, 0x00000000e0000000)
  object space 235520K, 25% used [0x00000000a0000000,0x00000000a3ad7368,0x00000000ae600000)
 Metaspace       used 109663K, capacity 116207K, committed 117656K, reserved 1153024K
  class space    used 13452K, capacity 14553K, committed 15016K, reserved 1048576K
}
Event: 16911.271 GC heap before
{Heap before GC invocations=125 (full 7):
 PSYoungGen      total 350208K, used 321792K [0x00000000e0000000, 0x00000000f7780000, 0x0000000100000000)
  eden space 316928K, 100% used [0x00000000e0000000,0x00000000f3580000,0x00000000f3580000)
  from space 33280K, 14% used [0x00000000f3580000,0x00000000f3a40010,0x00000000f5600000)
  to   space 33280K, 0% used [0x00000000f5700000,0x00000000f5700000,0x00000000f7780000)
 ParOldGen       total 235520K, used 60252K [0x00000000a0000000, 0x00000000ae600000, 0x00000000e0000000)
  object space 235520K, 25% used [0x00000000a0000000,0x00000000a3ad7368,0x00000000ae600000)
 Metaspace       used 109715K, capacity 116207K, committed 117656K, reserved 1153024K
  class space    used 13452K, capacity 14553K, committed 15016K, reserved 1048576K
Event: 16911.281 GC heap after
Heap after GC invocations=125 (full 7):
 PSYoungGen      total 350208K, used 7856K [0x00000000e0000000, 0x00000000f7680000, 0x0000000100000000)
  eden space 317952K, 0% used [0x00000000e0000000,0x00000000e0000000,0x00000000f3680000)
  from space 32256K, 24% used [0x00000000f5700000,0x00000000f5eac020,0x00000000f7680000)
  to   space 32768K, 0% used [0x00000000f3680000,0x00000000f3680000,0x00000000f5680000)
 ParOldGen       total 235520K, used 60260K [0x00000000a0000000, 0x00000000ae600000, 0x00000000e0000000)
  object space 235520K, 25% used [0x00000000a0000000,0x00000000a3ad9368,0x00000000ae600000)
 Metaspace       used 109715K, capacity 116207K, committed 117656K, reserved 1153024K
  class space    used 13452K, capacity 14553K, committed 15016K, reserved 1048576K
}
Event: 16941.142 GC heap before
{Heap before GC invocations=126 (full 7):
 PSYoungGen      total 350208K, used 325808K [0x00000000e0000000, 0x00000000f7680000, 0x0000000100000000)
  eden space 317952K, 100% used [0x00000000e0000000,0x00000000f3680000,0x00000000f3680000)
  from space 32256K, 24% used [0x00000000f5700000,0x00000000f5eac020,0x00000000f7680000)
  to   space 32768K, 0% used [0x00000000f3680000,0x00000000f3680000,0x00000000f5680000)
 ParOldGen       total 235520K, used 60260K [0x00000000a0000000, 0x00000000ae600000, 0x00000000e0000000)
  object space 235520K, 25% used [0x00000000a0000000,0x00000000a3ad9368,0x00000000ae600000)
 Metaspace       used 109724K, capacity 116207K, committed 117656K, reserved 1153024K
  class space    used 13452K, capacity 14553K, committed 15016K, reserved 1048576K
Event: 16941.151 GC heap after
Heap after GC invocations=126 (full 7):
 PSYoungGen      total 328192K, used 10064K [0x00000000e0000000, 0x00000000f7480000, 0x0000000100000000)
  eden space 317952K, 0% used [0x00000000e0000000,0x00000000e0000000,0x00000000f3680000)
  from space 10240K, 98% used [0x00000000f3680000,0x00000000f4054050,0x00000000f4080000)
  to   space 31232K, 0% used [0x00000000f5600000,0x00000000f5600000,0x00000000f7480000)
 ParOldGen       total 235520K, used 60268K [0x00000000a0000000, 0x00000000ae600000, 0x00000000e0000000)
  object space 235520K, 25% used [0x00000000a0000000,0x00000000a3adb368,0x00000000ae600000)
 Metaspace       used 109724K, capacity 116207K, committed 117656K, reserved 1153024K
  class space    used 13452K, capacity 14553K, committed 15016K, reserved 1048576K
}
Event: 16971.737 GC heap before
{Heap before GC invocations=127 (full 7):
 PSYoungGen      total 328192K, used 328016K [0x00000000e0000000, 0x00000000f7480000, 0x0000000100000000)
  eden space 317952K, 100% used [0x00000000e0000000,0x00000000f3680000,0x00000000f3680000)
  from space 10240K, 98% used [0x00000000f3680000,0x00000000f4054050,0x00000000f4080000)
  to   space 31232K, 0% used [0x00000000f5600000,0x00000000f5600000,0x00000000f7480000)
 ParOldGen       total 235520K, used 60268K [0x00000000a0000000, 0x00000000ae600000, 0x00000000e0000000)
  object space 235520K, 25% used [0x00000000a0000000,0x00000000a3adb368,0x00000000ae600000)
 Metaspace       used 109732K, capacity 116271K, committed 117656K, reserved 1153024K
  class space    used 13452K, capacity 14553K, committed 15016K, reserved 1048576K
Event: 16971.748 GC heap after
Heap after GC invocations=127 (full 7):
 PSYoungGen      total 348160K, used 14960K [0x00000000e0000000, 0x00000000f7280000, 0x0000000100000000)
  eden space 318976K, 0% used [0x00000000e0000000,0x00000000e0000000,0x00000000f3780000)
  from space 29184K, 51% used [0x00000000f5600000,0x00000000f649c020,0x00000000f7280000)
  to   space 30208K, 0% used [0x00000000f3780000,0x00000000f3780000,0x00000000f5500000)
 ParOldGen       total 235520K, used 60268K [0x00000000a0000000, 0x00000000ae600000, 0x00000000e0000000)
  object space 235520K, 25% used [0x00000000a0000000,0x00000000a3adb368,0x00000000ae600000)
 Metaspace       used 109732K, capacity 116271K, committed 117656K, reserved 1153024K
  class space    used 13452K, capacity 14553K, committed 15016K, reserved 1048576K
}

Deoptimization events (10 events):
Event: 16115.596 Thread 0x00000000287bf000 Uncommon trap: reason=unstable_if action=reinterpret pc=0x00000000083bf27c method=com.google.wireless.android.sdk.stats.GradleTaskExecution$Builder.maybeForceBuilderInitialization()V @ 3
Event: 16341.275 Thread 0x000000002a8b0800 Uncommon trap: reason=class_check action=maybe_recompile pc=0x000000000492b514 method=org.codehaus.groovy.runtime.callsite.PogoMetaClassSite.checkCall(Ljava/lang/Object;)Z @ 8
Event: 16341.275 Thread 0x000000002a8b0800 Uncommon trap: reason=class_check action=maybe_recompile pc=0x000000000492b514 method=org.codehaus.groovy.runtime.callsite.PogoMetaClassSite.checkCall(Ljava/lang/Object;)Z @ 8
Event: 16341.275 Thread 0x000000002a8b0800 Uncommon trap: reason=class_check action=maybe_recompile pc=0x000000000492b514 method=org.codehaus.groovy.runtime.callsite.PogoMetaClassSite.checkCall(Ljava/lang/Object;)Z @ 8
Event: 16341.275 Thread 0x000000002a8b0800 Uncommon trap: reason=class_check action=maybe_recompile pc=0x000000000492b514 method=org.codehaus.groovy.runtime.callsite.PogoMetaClassSite.checkCall(Ljava/lang/Object;)Z @ 8
Event: 16388.367 Thread 0x00000000209af000 Uncommon trap: reason=array_check action=maybe_recompile pc=0x0000000008181adc method=java.util.ComparableTimSort.reverseRange([Ljava/lang/Object;II)V @ 27
Event: 16388.485 Thread 0x000000002a8b0800 Uncommon trap: reason=unstable_if action=reinterpret pc=0x0000000005a581e4 method=org.gradle.execution.plan.DefaultExecutionPlan.nodeComplete(Lorg/gradle/execution/plan/Node;)V @ 15
Event: 16406.009 Thread 0x000000002a8bf800 Uncommon trap: reason=array_check action=maybe_recompile pc=0x0000000007e6e520 method=java.util.TimSort.mergeLo(IIII)V @ 590
Event: 16628.530 Thread 0x00000000287c0800 Uncommon trap: reason=null_check action=make_not_entrant pc=0x00000000085afb40 method=com.android.ide.common.resources.ResourceMerger.createFromXml(Lorg/w3c/dom/Node;)Lcom/android/ide/common/resources/ResourceSet; @ 173
Event: 16834.884 Thread 0x00000000287bc800 Uncommon trap: reason=null_check action=make_not_entrant pc=0x00000000085f27c4 method=com.android.ide.common.resources.ResourceMerger.createFromXml(Lorg/w3c/dom/Node;)Lcom/android/ide/common/resources/ResourceSet; @ 42

Classes redefined (0 events):
No events

Internal exceptions (10 events):
Event: 16971.429 Thread 0x00000000209b0800 Exception <a 'sun/nio/fs/WindowsException'> (0x00000000ed62bff0) thrown at [D:\src\AOSP-openjdk-cygwin\jdk8u\hotspot\src\share\vm\prims\jni.cpp, line 709]
Event: 16971.429 Thread 0x00000000209b0800 Exception <a 'sun/nio/fs/WindowsException'> (0x00000000ed62cb98) thrown at [D:\src\AOSP-openjdk-cygwin\jdk8u\hotspot\src\share\vm\prims\jni.cpp, line 709]
Event: 16971.429 Thread 0x00000000209b0800 Exception <a 'sun/nio/fs/WindowsException'> (0x00000000ed62fad0) thrown at [D:\src\AOSP-openjdk-cygwin\jdk8u\hotspot\src\share\vm\prims\jni.cpp, line 709]
Event: 16971.429 Thread 0x00000000209b0800 Exception <a 'sun/nio/fs/WindowsException'> (0x00000000ed630698) thrown at [D:\src\AOSP-openjdk-cygwin\jdk8u\hotspot\src\share\vm\prims\jni.cpp, line 709]
Event: 16971.429 Thread 0x00000000209b0800 Exception <a 'sun/nio/fs/WindowsException'> (0x00000000ed6328d8) thrown at [D:\src\AOSP-openjdk-cygwin\jdk8u\hotspot\src\share\vm\prims\jni.cpp, line 709]
Event: 16971.429 Thread 0x00000000209b0800 Exception <a 'sun/nio/fs/WindowsException'> (0x00000000ed633698) thrown at [D:\src\AOSP-openjdk-cygwin\jdk8u\hotspot\src\share\vm\prims\jni.cpp, line 709]
Event: 16971.429 Thread 0x00000000209b0800 Exception <a 'sun/nio/fs/WindowsException'> (0x00000000ed636fc0) thrown at [D:\src\AOSP-openjdk-cygwin\jdk8u\hotspot\src\share\vm\prims\jni.cpp, line 709]
Event: 16971.429 Thread 0x00000000209b0800 Exception <a 'sun/nio/fs/WindowsException'> (0x00000000ed637ba8) thrown at [D:\src\AOSP-openjdk-cygwin\jdk8u\hotspot\src\share\vm\prims\jni.cpp, line 709]
Event: 16971.429 Thread 0x00000000209b0800 Exception <a 'sun/nio/fs/WindowsException'> (0x00000000ed639e38) thrown at [D:\src\AOSP-openjdk-cygwin\jdk8u\hotspot\src\share\vm\prims\jni.cpp, line 709]
Event: 16971.429 Thread 0x00000000209b0800 Exception <a 'sun/nio/fs/WindowsException'> (0x00000000ed63ac28) thrown at [D:\src\AOSP-openjdk-cygwin\jdk8u\hotspot\src\share\vm\prims\jni.cpp, line 709]

Events (10 events):
Event: 16987.124 Executing VM operation: RevokeBias done
Event: 16987.124 Thread 0x00000000287bf800 Thread exited: 0x00000000287bf800
Event: 16998.242 Thread 0x0000000020478800 Thread added: 0x0000000020478800
Event: 16998.242 Executing VM operation: RevokeBias
Event: 16998.242 Executing VM operation: RevokeBias done
Event: 16998.243 Thread 0x0000000020472800 Thread added: 0x0000000020472800
Event: 16998.246 Thread 0x000000002047a000 Thread added: 0x000000002047a000
Event: 16998.247 Thread 0x0000000020473000 Thread added: 0x0000000020473000
Event: 16998.247 Thread 0x000000002047d800 Thread added: 0x000000002047d800
Event: 16998.249 Thread 0x000000002047a800 Thread added: 0x000000002047a800


Dynamic libraries:
0x00007ff760460000 - 0x00007ff760491000 	C:\Program Files\Android\Android Studio\jre\bin\java.exe
0x00007ffdf7660000 - 0x00007ffdf783b000 	C:\WINDOWS\SYSTEM32\ntdll.dll
0x00007ffdf7430000 - 0x00007ffdf74de000 	C:\WINDOWS\System32\KERNEL32.DLL
0x00007ffdf3db0000 - 0x00007ffdf3ffa000 	C:\WINDOWS\System32\KERNELBASE.dll
0x00007ffdf64d0000 - 0x00007ffdf6571000 	C:\WINDOWS\System32\ADVAPI32.dll
0x00007ffdf4bd0000 - 0x00007ffdf4c6d000 	C:\WINDOWS\System32\msvcrt.dll
0x00007ffdf7070000 - 0x00007ffdf70c9000 	C:\WINDOWS\System32\sechost.dll
0x00007ffdf6f40000 - 0x00007ffdf7065000 	C:\WINDOWS\System32\RPCRT4.dll
0x00007ffdf74e0000 - 0x00007ffdf762a000 	C:\WINDOWS\System32\USER32.dll
0x00007ffdf48d0000 - 0x00007ffdf48ee000 	C:\WINDOWS\System32\win32u.dll
0x00007ffdf4b90000 - 0x00007ffdf4bb7000 	C:\WINDOWS\System32\GDI32.dll
0x00007ffdf3c20000 - 0x00007ffdf3da8000 	C:\WINDOWS\System32\gdi32full.dll
0x00007ffdf48f0000 - 0x00007ffdf498a000 	C:\WINDOWS\System32\msvcp_win.dll
0x00007ffdf4a90000 - 0x00007ffdf4b86000 	C:\WINDOWS\System32\ucrtbase.dll
0x00007ffddf340000 - 0x00007ffddf5a7000 	C:\WINDOWS\WinSxS\amd64_microsoft.windows.common-controls_6595b64144ccf1df_6.0.15063.1779_none_40c936bd29a60d43\COMCTL32.dll
0x00007ffdf6c40000 - 0x00007ffdf6f36000 	C:\WINDOWS\System32\combase.dll
0x00007ffdf3bb0000 - 0x00007ffdf3c1a000 	C:\WINDOWS\System32\bcryptPrimitives.dll
0x00007ffdf64a0000 - 0x00007ffdf64cd000 	C:\WINDOWS\System32\IMM32.DLL
0x0000000058c80000 - 0x0000000058d52000 	C:\Program Files\Android\Android Studio\jre\jre\bin\msvcr100.dll
0x0000000058d60000 - 0x00000000595a1000 	C:\Program Files\Android\Android Studio\jre\jre\bin\server\jvm.dll
0x00007ffdf66f0000 - 0x00007ffdf66f8000 	C:\WINDOWS\System32\PSAPI.DLL
0x00007ffde3bc0000 - 0x00007ffde3bc9000 	C:\WINDOWS\SYSTEM32\WSOCK32.dll
0x00007ffdf1fc0000 - 0x00007ffdf1fca000 	C:\WINDOWS\SYSTEM32\VERSION.dll
0x00007ffdf1460000 - 0x00007ffdf1483000 	C:\WINDOWS\SYSTEM32\WINMM.dll
0x00007ffdf7270000 - 0x00007ffdf72dc000 	C:\WINDOWS\System32\WS2_32.dll
0x00007ffdf13c0000 - 0x00007ffdf13eb000 	C:\WINDOWS\SYSTEM32\winmmbase.dll
0x00007ffdf4a40000 - 0x00007ffdf4a89000 	C:\WINDOWS\System32\cfgmgr32.dll
0x00007ffde60e0000 - 0x00007ffde60ef000 	C:\Program Files\Android\Android Studio\jre\jre\bin\verify.dll
0x00007ffddbfa0000 - 0x00007ffddbfc9000 	C:\Program Files\Android\Android Studio\jre\jre\bin\java.dll
0x00007ffde2830000 - 0x00007ffde2846000 	C:\Program Files\Android\Android Studio\jre\jre\bin\zip.dll
0x00007ffdf4c80000 - 0x00007ffdf60b8000 	C:\WINDOWS\System32\SHELL32.dll
0x00007ffdf6230000 - 0x00007ffdf62da000 	C:\WINDOWS\System32\shcore.dll
0x00007ffdf41d0000 - 0x00007ffdf48c1000 	C:\WINDOWS\System32\windows.storage.dll
0x00007ffdf61d0000 - 0x00007ffdf6221000 	C:\WINDOWS\System32\shlwapi.dll
0x00007ffdf3ae0000 - 0x00007ffdf3af1000 	C:\WINDOWS\System32\kernel.appcore.dll
0x00007ffdf3b00000 - 0x00007ffdf3b4c000 	C:\WINDOWS\System32\powrprof.dll
0x00007ffdf3ac0000 - 0x00007ffdf3ad5000 	C:\WINDOWS\System32\profapi.dll
0x00007ffde2700000 - 0x00007ffde271a000 	C:\Program Files\Android\Android Studio\jre\jre\bin\net.dll
0x00007ffdf3070000 - 0x00007ffdf30cc000 	C:\WINDOWS\system32\mswsock.dll
0x00007ffde2680000 - 0x00007ffde2691000 	C:\Program Files\Android\Android Studio\jre\jre\bin\nio.dll
0x00007ffdec660000 - 0x00007ffdec67e000 	C:\Users\60073422\.gradle\native\25\windows-amd64\native-platform.dll
0x00007ffde4800000 - 0x00007ffde480d000 	C:\Program Files\Android\Android Studio\jre\jre\bin\management.dll
0x00007ffdf34d0000 - 0x00007ffdf34e7000 	C:\WINDOWS\SYSTEM32\CRYPTSP.dll
0x00007ffdf2c90000 - 0x00007ffdf2cc4000 	C:\WINDOWS\system32\rsaenh.dll
0x00007ffdf34a0000 - 0x00007ffdf34c5000 	C:\WINDOWS\SYSTEM32\bcrypt.dll
0x00007ffdf39d0000 - 0x00007ffdf39f9000 	C:\WINDOWS\SYSTEM32\USERENV.dll
0x00007ffdf3210000 - 0x00007ffdf321b000 	C:\WINDOWS\SYSTEM32\CRYPTBASE.dll
0x00007ffdf2e10000 - 0x00007ffdf2e47000 	C:\WINDOWS\SYSTEM32\IPHLPAPI.DLL
0x00007ffdf4bc0000 - 0x00007ffdf4bc8000 	C:\WINDOWS\System32\NSI.dll
0x00007ffdef6a0000 - 0x00007ffdef6b6000 	C:\WINDOWS\SYSTEM32\dhcpcsvc6.DLL
0x00007ffdef5a0000 - 0x00007ffdef5ba000 	C:\WINDOWS\SYSTEM32\dhcpcsvc.DLL
0x00007ffdd9460000 - 0x00007ffdd9484000 	C:\Program Files\Android\Android Studio\jre\jre\bin\sunec.dll
0x00007ffdf2e50000 - 0x00007ffdf2ef4000 	C:\WINDOWS\SYSTEM32\DNSAPI.dll
0x00007ffde4460000 - 0x00007ffde446a000 	C:\Windows\System32\rasadhlp.dll
0x00007ffdefb20000 - 0x00007ffdefb8b000 	C:\WINDOWS\System32\fwpuclnt.dll
0x00007ffde27d0000 - 0x00007ffde27db000 	C:\Program Files\Android\Android Studio\jre\jre\bin\sunmscapi.dll
0x00007ffdf4000000 - 0x00007ffdf41c9000 	C:\WINDOWS\System32\CRYPT32.dll
0x00007ffdf3aa0000 - 0x00007ffdf3ab1000 	C:\WINDOWS\System32\MSASN1.dll
0x00007ffdf1920000 - 0x00007ffdf199e000 	C:\WINDOWS\system32\apphelp.dll
0x00007ffde2a60000 - 0x00007ffde2a7e000 	C:\Users\60073422\AppData\Local\Temp\native-platform8258954442787106089dir\native-platform.dll
0x00007ffdf34f0000 - 0x00007ffdf3699000 	C:\WINDOWS\SYSTEM32\dbghelp.dll

VM Arguments:
jvm_args: -Xmx1536m -Dfile.encoding=windows-1251 -Duser.country=RU -Duser.language=ru -Duser.variant 
java_command: org.gradle.launcher.daemon.bootstrap.GradleDaemon 5.1.1
java_class_path (initial): C:\Users\60073422\.gradle\wrapper\dists\gradle-5.1.1-all\97z1ksx6lirer3kbvdnh7jtjg\gradle-5.1.1\lib\gradle-launcher-5.1.1.jar
Launcher Type: SUN_STANDARD

Environment Variables:
PATH=C:\WINDOWS\system32;C:\WINDOWS;C:\WINDOWS\System32\Wbem;C:\WINDOWS\System32\WindowsPowerShell\v1.0\;C:\WINDOWS\CCM;C:\WINDOWS\CCM;C:\Users\60073422\AppData\Local\Microsoft\WindowsApps;
USERNAME=60073422
OS=Windows_NT
PROCESSOR_IDENTIFIER=Intel64 Family 6 Model 142 Stepping 10, GenuineIntel



---------------  S Y S T E M  ---------------

OS: Windows 10.0 , 64 bit Build 15063 (10.0.15063.1805)

CPU:total 8 (initial active 8) (4 cores per cpu, 2 threads per core) family 6 model 142 stepping 10, cmov, cx8, fxsr, mmx, sse, sse2, sse3, ssse3, sse4.1, sse4.2, popcnt, avx, avx2, aes, clmul, erms, 3dnowpref, lzcnt, ht, tsc, tscinvbit, bmi1, bmi2, adx

Memory: 4k page, physical 8281292k(1472720k free), swap 14236684k(2420412k free)

vm_info: OpenJDK 64-Bit Server VM (25.152-b01) for windows-amd64 JRE (1.8.0_152-release-1343-b01), built by "builder" with MS VC++ 10.0 (VS2010)

time: Mon Jul 22 23:14:33 2019
elapsed time: 16998 seconds (0d 4h 43m 18s)

